Log: Log file open, Fri Jan 11 21:08:02 2019
Init: Name subsystem initialized
Init: Version: 451
Init: Compiled: May  6 2003 22:27:59
Init: Command line: DM-Pressure?game=BotPack.DeathMatchPlus?Mutator=Instagib ini=ut.ini log=ut.log -nohomedir
Init: Base directory: 
Init: Character set: ANSI
Log: Bound to Editor.so
Log: Bound to Core.so
Log: Bound to Engine.so
Init: Object subsystem initialized
Init: CPU Speed=1584.030131 MHz
Log: Executing Class Engine.ServerCommandlet
Init: Unreal engine initialized
Log: Browse: DM-Pressure?Name=Player?Class=Botpack.TMale2?team=255?skin=SoldierSkins.blkt?Face=SoldierSkins.Othello?game=BotPack.DeathMatchPlus?Mutator=Instagib
Log: LoadMap: DM-Pressure?Name=Player?Class=Botpack.TMale2?team=255?skin=SoldierSkins.blkt?Face=SoldierSkins.Othello?game=BotPack.DeathMatchPlus?Mutator=Instagib
Log: Bound to Fire.so
Log: Case-insensitive search: Botpack -> ../System/BotPack.u
Log: Bound to IpDrv.so
Log: Collecting garbage
Log: Purging garbage
Log: Garbage: objects: 16885->16883; refs: 274429
Log: Game class is 'DeathMatchPlus'
Init: Sockets: Socket queue 262144 / 262144
Init: Sockets: I am LIVA (127.0.1.1)
DevNet: TcpNetDriver on port 7777
Log: Server Package: SoldierSkins
Log: Case-insensitive search: SoldierSkins -> ../Textures/Soldierskins.utx
Log: Server Package: CommandoSkins
Log: Server Package: FCommandoSkins
Log: Server Package: SGirlSkins
Log: Server Package: BossSkins
Log: Server Package: Botpack
Log: Case-insensitive search: Botpack -> ../System/BotPack.u
Log: Spawning: IpDrv.UdpBeacon
Log: Spawning: IpServer.UdpServerQuery
Log: Spawning: IpServer.UdpServerUplink
Log: Spawning: IpServer.UdpServerUplink
Log: Spawning: IpServer.UdpServerUplink
Log: Spawning: UWeb.WebServer
Log: Bound to UWeb.so
Log: Level is Level DM-Pressure.MyLevel
Log: Bringing Level DM-Pressure.MyLevel up for play (20)...
ScriptLog: InitGame: ?Name=Player?Class=Botpack.TMale2?team=255?skin=SoldierSkins.blkt?Face=SoldierSkins.Othello?game=BotPack.DeathMatchPlus?Mutator=Instagib
ScriptLog: Base Mutator is DM-Pressure.DMMutator0
ScriptLog: Mutators Instagib
ScriptLog: Add mutator Instagib
Warning: Failed to load 'NULL': Can't resolve package name
Warning: Failed to load 'Class None.Instagib': Can't resolve package name
ScriptLog: Found DM-Pressure.RazorAmmo2 at -1433.456787,-1904.396484,-237.899536
ScriptLog: Found DM-Pressure.TrapSpringer0 at 1025.619873,1431.202026,-480.652618
ScriptLog: Found DM-Pressure.TrapSpringer1 at 1023.230591,733.142212,-481.902069
ScriptLog: UdpServerQuery(crt): Port 7778 successfully bound.
ScriptLog: DoUplink is not set.  Not connecting to Master Server.
ScriptLog: DoUplink is not set.  Not connecting to Master Server.
ScriptLog: DoUplink is not set.  Not connecting to Master Server.
ScriptLog: Webserver is not enabled.  Set bEnabled to True in Advanced Options.
ScriptLog: Initiating local logging...
ScriptLog: Initiating world logging...
Init: Game engine initialized
Log: UDP recvfrom error: 11 from 0.0.0.0:0
DevNet: NotifyAcceptingConnection: Server MyLevel accept
NetComeGo: Open MyLevel Fri Jan 11 21:09:06 2019 192.168.11.21:63265
DevNet: NotifyAcceptingChannel Control 0 server Level DM-Pressure.MyLevel: Accepted
DevNet: Level server received: HELLO REVISION=0 MINVER=432 VER=451
DevNet: Level server received: NETSPEED 20000
Log: Client netspeed is 20000
DevNet: Level server received: LOGIN RESPONSE=-1115974846 URL=Index.unr?Name=blacksheep?Class=BotPack.TFemale2?team=0?skin=SGirlSkins.fwar?Face=SGirlSkins.Fury?Voice=BotPack.VoiceFemaleOne?OverrideClass=?Checksum=NoChecksum
DevNet: Client passed challenge
DevNet: Login request: Index.unr?Name=blacksheep?Class=BotPack.TFemale2?team=0?skin=SGirlSkins.fwar?Face=SGirlSkins.Fury?Voice=BotPack.VoiceFemaleOne?OverrideClass=?Checksum=NoChecksum
DevNet: Level server received: HAVE GUID=1E90ACBE11D1ED664544279700005453 GEN=2
DevNet: Level server received: HAVE GUID=66FC62C111D389A2E0006BA2D2321081 GEN=2
DevNet: Level server received: HAVE GUID=C47BBD4011D38CFBC00084B50A1E604F GEN=2
DevNet: Level server received: HAVE GUID=7944E70211D2D09C9000F1BD583F3D27 GEN=2
DevNet: Level server received: HAVE GUID=1E90ACAE11D1ED664544279700005453 GEN=2
DevNet: Level server received: HAVE GUID=1E90ACAF11D1ED664544279700005453 GEN=2
DevNet: Level server received: HAVE GUID=381560A111D3108B9000F1BD623F3D27 GEN=2
DevNet: Level server received: HAVE GUID=2E3682A411D379A7E0006BA2D2321081 GEN=2
DevNet: Level server received: HAVE GUID=1E90ACB011D1ED664544279700005453 GEN=2
DevNet: Level server received: HAVE GUID=A3B94EE811D1ED674544E58A00005453 GEN=1
DevNet: Level server received: HAVE GUID=A3B94EE411D1ED674544E58A00005453 GEN=1
DevNet: Level server received: HAVE GUID=1E90ACB511D1ED664544279700005453 GEN=2
DevNet: Level server received: HAVE GUID=CCD2D94111D2DAE29000F1BD583F3D27 GEN=1
DevNet: Level server received: HAVE GUID=A3B94EE311D1ED674544E58A00005453 GEN=1
DevNet: Level server received: HAVE GUID=DFC22BE011D31EB3E0006BA2D2321081 GEN=1
DevNet: Level server received: JOIN
DevNet: Join request: Index.unr?Name=blacksheep?Class=BotPack.TFemale2?team=0?skin=SGirlSkins.fwar?Face=SGirlSkins.Fury?Voice=BotPack.VoiceFemaleOne?OverrideClass=?Checksum=NoChecksum
ScriptLog: Team 0
ScriptLog: Login: blacksheep
Log: Possessed PlayerPawn: TFemale2 DM-Pressure.TFemale0
DevNet: Join succeeded: blacksheep
NetComeGo: Close TcpipConnection0 Fri Jan 11 21:10:55 2019
Log: appRequestExit(0)
Critical: appSleep
Critical: EnforceTickRate
Critical: UServerCommandlet::Main
Exit: Executing UObject::StaticShutdownAfterError
Exit: Exiting.
Uninitialized: Name subsystem shut down
Uninitialized: Log file closed, Fri Jan 11 21:11:16 2019
